<?xml version="1.0" encoding="UTF-8"?>
<!-- Generated by org.testng.reporters.JUnitReportReporter -->
<testsuite hostname="DESKTOP-8G9SNF7" name="Practiceproject.Practiceproject.Dataproviderwithtestng" tests="2" failures="0" timestamp="26 Dec 2019 05:07:09 GMT" time="0.016" errors="0">
  <testcase name="test" time="0.013" classname="Practiceproject.Practiceproject.Dataproviderwithtestng"/>
  <testcase name="test" time="0.003" classname="Practiceproject.Practiceproject.Dataproviderwithtestng"/>
</testsuite> <!-- Practiceproject.Practiceproject.Dataproviderwithtestng -->
